[[34m2026-03-06T19:47:10.366+0100[0m] {[34mtask_context_logger.py:[0m63} INFO[0m - Task context logging is enabled[0m
[[34m2026-03-06T19:47:10.367+0100[0m] {[34mexecutor_loader.py:[0m235} INFO[0m - Loaded executor: SequentialExecutor[0m
[[34m2026-03-06T19:47:10.394+0100[0m] {[34mscheduler_job_runner.py:[0m799} INFO[0m - Starting the scheduler[0m
[[34m2026-03-06T19:47:10.395+0100[0m] {[34mscheduler_job_runner.py:[0m806} INFO[0m - Processing each file at most -1 times[0m
[[34m2026-03-06T19:47:10.399+0100[0m] {[34mmanager.py:[0m170} INFO[0m - Launched DagFileProcessorManager with pid: 21157[0m
[[34m2026-03-06T19:47:10.399+0100[0m] {[34mscheduler_job_runner.py:[0m1598} INFO[0m - Adopting or resetting orphaned tasks for active dag runs[0m
[[34m2026-03-06T19:47:10.402+0100[0m] {[34msettings.py:[0m60} INFO[0m - Configured default timezone UTC[0m
[2026-03-06T19:47:10.420+0100] {manager.py:393} WARNING - Because we cannot use more than 1 thread (parsing_processes = 2) when using sqlite. So we set parallelism to 1.
[[34m2026-03-06T19:47:11.773+0100[0m] {[34mscheduler_job_runner.py:[0m417} INFO[0m - 1 tasks up for execution:
	<TaskInstance: wifi_telemetry_pipeline.teardown manual__2026-03-06T18:29:59+00:00 [scheduled]>[0m
[[34m2026-03-06T19:47:11.774+0100[0m] {[34mscheduler_job_runner.py:[0m480} INFO[0m - DAG wifi_telemetry_pipeline has 0/16 running and queued tasks[0m
[[34m2026-03-06T19:47:11.774+0100[0m] {[34mscheduler_job_runner.py:[0m596} INFO[0m - Setting the following tasks to queued state:
	<TaskInstance: wifi_telemetry_pipeline.teardown manual__2026-03-06T18:29:59+00:00 [scheduled]>[0m
[[34m2026-03-06T19:47:11.776+0100[0m] {[34mscheduler_job_runner.py:[0m639} INFO[0m - Sending TaskInstanceKey(dag_id='wifi_telemetry_pipeline', task_id='teardown', run_id='manual__2026-03-06T18:29:59+00:00', try_number=1, map_index=-1) to executor with priority 1 and queue default[0m
[[34m2026-03-06T19:47:11.776+0100[0m] {[34mbase_executor.py:[0m149} INFO[0m - Adding to queue: ['airflow', 'tasks', 'run', 'wifi_telemetry_pipeline', 'teardown', 'manual__2026-03-06T18:29:59+00:00', '--local', '--subdir', 'DAGS_FOLDER/wifi_telemetry_dag.py'][0m
[[34m2026-03-06T19:47:11.781+0100[0m] {[34msequential_executor.py:[0m74} INFO[0m - Executing command: ['airflow', 'tasks', 'run', 'wifi_telemetry_pipeline', 'teardown', 'manual__2026-03-06T18:29:59+00:00', '--local', '--subdir', 'DAGS_FOLDER/wifi_telemetry_dag.py'][0m
[[34m2026-03-06T19:47:12.556+0100[0m] {[34mdagbag.py:[0m545} INFO[0m - Filling up the DagBag from /home/thehemraj/dt212g_project/airflow_home/dags/wifi_telemetry_dag.py[0m
[[34m2026-03-06T19:47:12.620+0100[0m] {[34mtutorial_taskflow_api_virtualenv.py:[0m29} WARNING[0m - The tutorial_taskflow_api_virtualenv example DAG requires virtualenv, please install it.[0m
[[34m2026-03-06T19:47:12.622+0100[0m] {[34mexample_python_operator.py:[0m93} WARNING[0m - The virtalenv_python example task requires virtualenv, please install it.[0m
[[34m2026-03-06T19:47:12.655+0100[0m] {[34mexample_kubernetes_executor.py:[0m39} WARNING[0m - The example_kubernetes_executor example DAG requires the kubernetes provider. Please install it with: pip install apache-airflow[cncf.kubernetes][0m
[[34m2026-03-06T19:47:12.688+0100[0m] {[34mexample_local_kubernetes_executor.py:[0m40} WARNING[0m - Could not import DAGs in example_local_kubernetes_executor.py[0m
Traceback (most recent call last):
  File "/home/thehemraj/dt212g_project/.venv/lib/python3.12/site-packages/airflow/example_dags/example_local_kubernetes_executor.py", line 38, in <module>
    from kubernetes.client import models as k8s
ModuleNotFoundError: No module named 'kubernetes'
[[34m2026-03-06T19:47:12.688+0100[0m] {[34mexample_local_kubernetes_executor.py:[0m41} WARNING[0m - Install Kubernetes dependencies with: pip install apache-airflow[cncf.kubernetes][0m
[[34m2026-03-06T19:47:12.690+0100[0m] {[34mexample_python_decorator.py:[0m80} WARNING[0m - The virtalenv_python example task requires virtualenv, please install it.[0m
[[34m2026-03-06T19:47:13.140+0100[0m] {[34mtask_command.py:[0m426} INFO[0m - Running <TaskInstance: wifi_telemetry_pipeline.teardown manual__2026-03-06T18:29:59+00:00 [queued]> on host HemRaj[0m
[[34m2026-03-06T19:47:15.972+0100[0m] {[34mscheduler_job_runner.py:[0m689} INFO[0m - Received executor event with state success for task instance TaskInstanceKey(dag_id='wifi_telemetry_pipeline', task_id='teardown', run_id='manual__2026-03-06T18:29:59+00:00', try_number=1, map_index=-1)[0m
[[34m2026-03-06T19:47:15.976+0100[0m] {[34mscheduler_job_runner.py:[0m721} INFO[0m - TaskInstance Finished: dag_id=wifi_telemetry_pipeline, task_id=teardown, run_id=manual__2026-03-06T18:29:59+00:00, map_index=-1, run_start_date=2026-03-06 18:47:13.173135+00:00, run_end_date=2026-03-06 18:47:15.523426+00:00, run_duration=2.350291, state=failed, executor_state=success, try_number=1, max_tries=0, job_id=26, pool=default_pool, queue=default, priority_weight=1, operator=PythonOperator, queued_dttm=2026-03-06 18:47:11.774947+00:00, queued_by_job_id=25, pid=21175[0m
[[34m2026-03-06T19:47:16.320+0100[0m] {[34mdagrun.py:[0m819} ERROR[0m - Marking run <DagRun wifi_telemetry_pipeline @ 2026-03-06 18:29:59+00:00: manual__2026-03-06T18:29:59+00:00, state:running, queued_at: 2026-03-06 18:29:59.693441+00:00. externally triggered: True> failed[0m
[[34m2026-03-06T19:47:16.321+0100[0m] {[34mdagrun.py:[0m901} INFO[0m - DagRun Finished: dag_id=wifi_telemetry_pipeline, execution_date=2026-03-06 18:29:59+00:00, run_id=manual__2026-03-06T18:29:59+00:00, run_start_date=2026-03-06 18:31:41.534493+00:00, run_end_date=2026-03-06 18:47:16.320938+00:00, run_duration=934.786445, state=failed, external_trigger=True, run_type=manual, data_interval_start=2026-03-06 18:29:59+00:00, data_interval_end=2026-03-06 18:29:59+00:00, dag_hash=5d5dd6b16c132942c8f48012eda73f25[0m
[[34m2026-03-06T19:47:16.333+0100[0m] {[34mscheduler_job_runner.py:[0m417} INFO[0m - 1 tasks up for execution:
	<TaskInstance: wifi_telemetry_pipeline.teardown manual__2026-03-06T18:33:11+00:00 [scheduled]>[0m
[[34m2026-03-06T19:47:16.333+0100[0m] {[34mscheduler_job_runner.py:[0m480} INFO[0m - DAG wifi_telemetry_pipeline has 0/16 running and queued tasks[0m
[[34m2026-03-06T19:47:16.333+0100[0m] {[34mscheduler_job_runner.py:[0m596} INFO[0m - Setting the following tasks to queued state:
	<TaskInstance: wifi_telemetry_pipeline.teardown manual__2026-03-06T18:33:11+00:00 [scheduled]>[0m
[[34m2026-03-06T19:47:16.334+0100[0m] {[34mscheduler_job_runner.py:[0m639} INFO[0m - Sending TaskInstanceKey(dag_id='wifi_telemetry_pipeline', task_id='teardown', run_id='manual__2026-03-06T18:33:11+00:00', try_number=1, map_index=-1) to executor with priority 1 and queue default[0m
[[34m2026-03-06T19:47:16.334+0100[0m] {[34mbase_executor.py:[0m149} INFO[0m - Adding to queue: ['airflow', 'tasks', 'run', 'wifi_telemetry_pipeline', 'teardown', 'manual__2026-03-06T18:33:11+00:00', '--local', '--subdir', 'DAGS_FOLDER/wifi_telemetry_dag.py'][0m
[[34m2026-03-06T19:47:16.338+0100[0m] {[34msequential_executor.py:[0m74} INFO[0m - Executing command: ['airflow', 'tasks', 'run', 'wifi_telemetry_pipeline', 'teardown', 'manual__2026-03-06T18:33:11+00:00', '--local', '--subdir', 'DAGS_FOLDER/wifi_telemetry_dag.py'][0m
[[34m2026-03-06T19:47:17.002+0100[0m] {[34mdagbag.py:[0m545} INFO[0m - Filling up the DagBag from /home/thehemraj/dt212g_project/airflow_home/dags/wifi_telemetry_dag.py[0m
[[34m2026-03-06T19:47:17.043+0100[0m] {[34mtutorial_taskflow_api_virtualenv.py:[0m29} WARNING[0m - The tutorial_taskflow_api_virtualenv example DAG requires virtualenv, please install it.[0m
[[34m2026-03-06T19:47:17.045+0100[0m] {[34mexample_python_operator.py:[0m93} WARNING[0m - The virtalenv_python example task requires virtualenv, please install it.[0m
[[34m2026-03-06T19:47:17.073+0100[0m] {[34mexample_kubernetes_executor.py:[0m39} WARNING[0m - The example_kubernetes_executor example DAG requires the kubernetes provider. Please install it with: pip install apache-airflow[cncf.kubernetes][0m
[[34m2026-03-06T19:47:17.098+0100[0m] {[34mexample_local_kubernetes_executor.py:[0m40} WARNING[0m - Could not import DAGs in example_local_kubernetes_executor.py[0m
Traceback (most recent call last):
  File "/home/thehemraj/dt212g_project/.venv/lib/python3.12/site-packages/airflow/example_dags/example_local_kubernetes_executor.py", line 38, in <module>
    from kubernetes.client import models as k8s
ModuleNotFoundError: No module named 'kubernetes'
[[34m2026-03-06T19:47:17.098+0100[0m] {[34mexample_local_kubernetes_executor.py:[0m41} WARNING[0m - Install Kubernetes dependencies with: pip install apache-airflow[cncf.kubernetes][0m
[[34m2026-03-06T19:47:17.100+0100[0m] {[34mexample_python_decorator.py:[0m80} WARNING[0m - The virtalenv_python example task requires virtualenv, please install it.[0m
[[34m2026-03-06T19:47:17.467+0100[0m] {[34mtask_command.py:[0m426} INFO[0m - Running <TaskInstance: wifi_telemetry_pipeline.teardown manual__2026-03-06T18:33:11+00:00 [queued]> on host HemRaj[0m
[[34m2026-03-06T19:47:20.324+0100[0m] {[34mscheduler_job_runner.py:[0m689} INFO[0m - Received executor event with state success for task instance TaskInstanceKey(dag_id='wifi_telemetry_pipeline', task_id='teardown', run_id='manual__2026-03-06T18:33:11+00:00', try_number=1, map_index=-1)[0m
[[34m2026-03-06T19:47:20.326+0100[0m] {[34mscheduler_job_runner.py:[0m721} INFO[0m - TaskInstance Finished: dag_id=wifi_telemetry_pipeline, task_id=teardown, run_id=manual__2026-03-06T18:33:11+00:00, map_index=-1, run_start_date=2026-03-06 18:47:17.502558+00:00, run_end_date=2026-03-06 18:47:19.910027+00:00, run_duration=2.407469, state=failed, executor_state=success, try_number=1, max_tries=0, job_id=27, pool=default_pool, queue=default, priority_weight=1, operator=PythonOperator, queued_dttm=2026-03-06 18:47:16.333720+00:00, queued_by_job_id=25, pid=21286[0m
[[34m2026-03-06T19:47:20.455+0100[0m] {[34mdagrun.py:[0m819} ERROR[0m - Marking run <DagRun wifi_telemetry_pipeline @ 2026-03-06 18:33:11+00:00: manual__2026-03-06T18:33:11+00:00, state:running, queued_at: 2026-03-06 18:33:11.701465+00:00. externally triggered: True> failed[0m
[[34m2026-03-06T19:47:20.455+0100[0m] {[34mdagrun.py:[0m901} INFO[0m - DagRun Finished: dag_id=wifi_telemetry_pipeline, execution_date=2026-03-06 18:33:11+00:00, run_id=manual__2026-03-06T18:33:11+00:00, run_start_date=2026-03-06 18:41:14.320389+00:00, run_end_date=2026-03-06 18:47:20.455575+00:00, run_duration=366.135186, state=failed, external_trigger=True, run_type=manual, data_interval_start=2026-03-06 18:33:11+00:00, data_interval_end=2026-03-06 18:33:11+00:00, dag_hash=5d5dd6b16c132942c8f48012eda73f25[0m
[[34m2026-03-06T19:48:01.084+0100[0m] {[34mscheduler_job_runner.py:[0m417} INFO[0m - 1 tasks up for execution:
	<TaskInstance: wifi_telemetry_pipeline.run_experiment manual__2026-03-06T18:48:00+00:00 [scheduled]>[0m
[[34m2026-03-06T19:48:01.085+0100[0m] {[34mscheduler_job_runner.py:[0m480} INFO[0m - DAG wifi_telemetry_pipeline has 0/16 running and queued tasks[0m
[[34m2026-03-06T19:48:01.085+0100[0m] {[34mscheduler_job_runner.py:[0m596} INFO[0m - Setting the following tasks to queued state:
	<TaskInstance: wifi_telemetry_pipeline.run_experiment manual__2026-03-06T18:48:00+00:00 [scheduled]>[0m
[[34m2026-03-06T19:48:01.086+0100[0m] {[34mscheduler_job_runner.py:[0m639} INFO[0m - Sending TaskInstanceKey(dag_id='wifi_telemetry_pipeline', task_id='run_experiment', run_id='manual__2026-03-06T18:48:00+00:00', try_number=1, map_index=-1) to executor with priority 4 and queue default[0m
[[34m2026-03-06T19:48:01.086+0100[0m] {[34mbase_executor.py:[0m149} INFO[0m - Adding to queue: ['airflow', 'tasks', 'run', 'wifi_telemetry_pipeline', 'run_experiment', 'manual__2026-03-06T18:48:00+00:00', '--local', '--subdir', 'DAGS_FOLDER/wifi_telemetry_dag.py'][0m
[[34m2026-03-06T19:48:01.089+0100[0m] {[34msequential_executor.py:[0m74} INFO[0m - Executing command: ['airflow', 'tasks', 'run', 'wifi_telemetry_pipeline', 'run_experiment', 'manual__2026-03-06T18:48:00+00:00', '--local', '--subdir', 'DAGS_FOLDER/wifi_telemetry_dag.py'][0m
[[34m2026-03-06T19:48:01.732+0100[0m] {[34mdagbag.py:[0m545} INFO[0m - Filling up the DagBag from /home/thehemraj/dt212g_project/airflow_home/dags/wifi_telemetry_dag.py[0m
[[34m2026-03-06T19:48:01.770+0100[0m] {[34mtutorial_taskflow_api_virtualenv.py:[0m29} WARNING[0m - The tutorial_taskflow_api_virtualenv example DAG requires virtualenv, please install it.[0m
[[34m2026-03-06T19:48:01.772+0100[0m] {[34mexample_python_operator.py:[0m93} WARNING[0m - The virtalenv_python example task requires virtualenv, please install it.[0m
[[34m2026-03-06T19:48:01.798+0100[0m] {[34mexample_kubernetes_executor.py:[0m39} WARNING[0m - The example_kubernetes_executor example DAG requires the kubernetes provider. Please install it with: pip install apache-airflow[cncf.kubernetes][0m
[[34m2026-03-06T19:48:01.822+0100[0m] {[34mexample_local_kubernetes_executor.py:[0m40} WARNING[0m - Could not import DAGs in example_local_kubernetes_executor.py[0m
Traceback (most recent call last):
  File "/home/thehemraj/dt212g_project/.venv/lib/python3.12/site-packages/airflow/example_dags/example_local_kubernetes_executor.py", line 38, in <module>
    from kubernetes.client import models as k8s
ModuleNotFoundError: No module named 'kubernetes'
[[34m2026-03-06T19:48:01.822+0100[0m] {[34mexample_local_kubernetes_executor.py:[0m41} WARNING[0m - Install Kubernetes dependencies with: pip install apache-airflow[cncf.kubernetes][0m
[[34m2026-03-06T19:48:01.824+0100[0m] {[34mexample_python_decorator.py:[0m80} WARNING[0m - The virtalenv_python example task requires virtualenv, please install it.[0m
[[34m2026-03-06T19:48:02.140+0100[0m] {[34mtask_command.py:[0m426} INFO[0m - Running <TaskInstance: wifi_telemetry_pipeline.run_experiment manual__2026-03-06T18:48:00+00:00 [queued]> on host HemRaj[0m
[[34m2026-03-06T20:18:02.667+0100[0m] {[34mscheduler_job_runner.py:[0m689} INFO[0m - Received executor event with state success for task instance TaskInstanceKey(dag_id='wifi_telemetry_pipeline', task_id='run_experiment', run_id='manual__2026-03-06T18:48:00+00:00', try_number=1, map_index=-1)[0m
[[34m2026-03-06T20:18:02.672+0100[0m] {[34mscheduler_job_runner.py:[0m721} INFO[0m - TaskInstance Finished: dag_id=wifi_telemetry_pipeline, task_id=run_experiment, run_id=manual__2026-03-06T18:48:00+00:00, map_index=-1, run_start_date=2026-03-06 18:48:02.169231+00:00, run_end_date=2026-03-06 19:18:02.281895+00:00, run_duration=1800.112664, state=failed, executor_state=success, try_number=1, max_tries=0, job_id=28, pool=default_pool, queue=default, priority_weight=4, operator=PythonOperator, queued_dttm=2026-03-06 18:48:01.085413+00:00, queued_by_job_id=25, pid=21450[0m
[[34m2026-03-06T20:18:02.683+0100[0m] {[34mmanager.py:[0m285} ERROR[0m - DagFileProcessorManager (PID=21157) last sent a heartbeat 1801.62 seconds ago! Restarting it[0m
[[34m2026-03-06T20:18:02.686+0100[0m] {[34mprocess_utils.py:[0m132} INFO[0m - Sending 15 to group 21157. PIDs of all processes in the group: [21157][0m
[[34m2026-03-06T20:18:02.687+0100[0m] {[34mprocess_utils.py:[0m87} INFO[0m - Sending the signal 15 to group 21157[0m
[[34m2026-03-06T20:18:02.779+0100[0m] {[34mprocess_utils.py:[0m80} INFO[0m - Process psutil.Process(pid=21157, status='terminated', exitcode=0, started='19:47:10') (21157) terminated with exit code 0[0m
[[34m2026-03-06T20:18:02.781+0100[0m] {[34mmanager.py:[0m170} INFO[0m - Launched DagFileProcessorManager with pid: 24117[0m
[[34m2026-03-06T20:18:02.785+0100[0m] {[34msettings.py:[0m60} INFO[0m - Configured default timezone UTC[0m
[2026-03-06T20:18:02.799+0100] {manager.py:393} WARNING - Because we cannot use more than 1 thread (parsing_processes = 2) when using sqlite. So we set parallelism to 1.
[[34m2026-03-06T20:18:02.808+0100[0m] {[34mscheduler_job_runner.py:[0m1598} INFO[0m - Adopting or resetting orphaned tasks for active dag runs[0m
[[34m2026-03-06T20:18:04.106+0100[0m] {[34mscheduler_job_runner.py:[0m417} INFO[0m - 1 tasks up for execution:
	<TaskInstance: wifi_telemetry_pipeline.teardown manual__2026-03-06T18:48:00+00:00 [scheduled]>[0m
[[34m2026-03-06T20:18:04.106+0100[0m] {[34mscheduler_job_runner.py:[0m480} INFO[0m - DAG wifi_telemetry_pipeline has 0/16 running and queued tasks[0m
[[34m2026-03-06T20:18:04.106+0100[0m] {[34mscheduler_job_runner.py:[0m596} INFO[0m - Setting the following tasks to queued state:
	<TaskInstance: wifi_telemetry_pipeline.teardown manual__2026-03-06T18:48:00+00:00 [scheduled]>[0m
[[34m2026-03-06T20:18:04.107+0100[0m] {[34mscheduler_job_runner.py:[0m639} INFO[0m - Sending TaskInstanceKey(dag_id='wifi_telemetry_pipeline', task_id='teardown', run_id='manual__2026-03-06T18:48:00+00:00', try_number=1, map_index=-1) to executor with priority 1 and queue default[0m
[[34m2026-03-06T20:18:04.108+0100[0m] {[34mbase_executor.py:[0m149} INFO[0m - Adding to queue: ['airflow', 'tasks', 'run', 'wifi_telemetry_pipeline', 'teardown', 'manual__2026-03-06T18:48:00+00:00', '--local', '--subdir', 'DAGS_FOLDER/wifi_telemetry_dag.py'][0m
[[34m2026-03-06T20:18:04.112+0100[0m] {[34msequential_executor.py:[0m74} INFO[0m - Executing command: ['airflow', 'tasks', 'run', 'wifi_telemetry_pipeline', 'teardown', 'manual__2026-03-06T18:48:00+00:00', '--local', '--subdir', 'DAGS_FOLDER/wifi_telemetry_dag.py'][0m
[[34m2026-03-06T20:18:04.742+0100[0m] {[34mdagbag.py:[0m545} INFO[0m - Filling up the DagBag from /home/thehemraj/dt212g_project/airflow_home/dags/wifi_telemetry_dag.py[0m
[[34m2026-03-06T20:18:04.779+0100[0m] {[34mtutorial_taskflow_api_virtualenv.py:[0m29} WARNING[0m - The tutorial_taskflow_api_virtualenv example DAG requires virtualenv, please install it.[0m
[[34m2026-03-06T20:18:04.782+0100[0m] {[34mexample_python_operator.py:[0m93} WARNING[0m - The virtalenv_python example task requires virtualenv, please install it.[0m
[[34m2026-03-06T20:18:04.808+0100[0m] {[34mexample_kubernetes_executor.py:[0m39} WARNING[0m - The example_kubernetes_executor example DAG requires the kubernetes provider. Please install it with: pip install apache-airflow[cncf.kubernetes][0m
[[34m2026-03-06T20:18:04.831+0100[0m] {[34mexample_local_kubernetes_executor.py:[0m40} WARNING[0m - Could not import DAGs in example_local_kubernetes_executor.py[0m
Traceback (most recent call last):
  File "/home/thehemraj/dt212g_project/.venv/lib/python3.12/site-packages/airflow/example_dags/example_local_kubernetes_executor.py", line 38, in <module>
    from kubernetes.client import models as k8s
ModuleNotFoundError: No module named 'kubernetes'
[[34m2026-03-06T20:18:04.832+0100[0m] {[34mexample_local_kubernetes_executor.py:[0m41} WARNING[0m - Install Kubernetes dependencies with: pip install apache-airflow[cncf.kubernetes][0m
[[34m2026-03-06T20:18:04.833+0100[0m] {[34mexample_python_decorator.py:[0m80} WARNING[0m - The virtalenv_python example task requires virtualenv, please install it.[0m
[[34m2026-03-06T20:18:05.153+0100[0m] {[34mtask_command.py:[0m426} INFO[0m - Running <TaskInstance: wifi_telemetry_pipeline.teardown manual__2026-03-06T18:48:00+00:00 [queued]> on host HemRaj[0m
[[34m2026-03-06T20:18:08.248+0100[0m] {[34mscheduler_job_runner.py:[0m689} INFO[0m - Received executor event with state success for task instance TaskInstanceKey(dag_id='wifi_telemetry_pipeline', task_id='teardown', run_id='manual__2026-03-06T18:48:00+00:00', try_number=1, map_index=-1)[0m
[[34m2026-03-06T20:18:08.251+0100[0m] {[34mscheduler_job_runner.py:[0m721} INFO[0m - TaskInstance Finished: dag_id=wifi_telemetry_pipeline, task_id=teardown, run_id=manual__2026-03-06T18:48:00+00:00, map_index=-1, run_start_date=2026-03-06 19:18:05.186292+00:00, run_end_date=2026-03-06 19:18:07.843762+00:00, run_duration=2.65747, state=failed, executor_state=success, try_number=1, max_tries=0, job_id=29, pool=default_pool, queue=default, priority_weight=1, operator=PythonOperator, queued_dttm=2026-03-06 19:18:04.107103+00:00, queued_by_job_id=25, pid=24130[0m
[[34m2026-03-06T20:18:08.600+0100[0m] {[34mdagrun.py:[0m819} ERROR[0m - Marking run <DagRun wifi_telemetry_pipeline @ 2026-03-06 18:48:00+00:00: manual__2026-03-06T18:48:00+00:00, state:running, queued_at: 2026-03-06 18:48:00.966922+00:00. externally triggered: True> failed[0m
[[34m2026-03-06T20:18:08.600+0100[0m] {[34mdagrun.py:[0m901} INFO[0m - DagRun Finished: dag_id=wifi_telemetry_pipeline, execution_date=2026-03-06 18:48:00+00:00, run_id=manual__2026-03-06T18:48:00+00:00, run_start_date=2026-03-06 18:48:01.066440+00:00, run_end_date=2026-03-06 19:18:08.600685+00:00, run_duration=1807.534245, state=failed, external_trigger=True, run_type=manual, data_interval_start=2026-03-06 18:48:00+00:00, data_interval_end=2026-03-06 18:48:00+00:00, dag_hash=5d5dd6b16c132942c8f48012eda73f25[0m
[[34m2026-03-06T20:23:03.055+0100[0m] {[34mscheduler_job_runner.py:[0m1598} INFO[0m - Adopting or resetting orphaned tasks for active dag runs[0m
[[34m2026-03-06T20:28:03.211+0100[0m] {[34mscheduler_job_runner.py:[0m1598} INFO[0m - Adopting or resetting orphaned tasks for active dag runs[0m
[[34m2026-03-06T20:33:03.366+0100[0m] {[34mscheduler_job_runner.py:[0m1598} INFO[0m - Adopting or resetting orphaned tasks for active dag runs[0m
[[34m2026-03-06T20:36:06.839+0100[0m] {[34mscheduler_job_runner.py:[0m417} INFO[0m - 1 tasks up for execution:
	<TaskInstance: wifi_telemetry_pipeline.run_experiment manual__2026-03-06T19:36:05.289408+00:00 [scheduled]>[0m
[[34m2026-03-06T20:36:06.840+0100[0m] {[34mscheduler_job_runner.py:[0m480} INFO[0m - DAG wifi_telemetry_pipeline has 0/16 running and queued tasks[0m
[[34m2026-03-06T20:36:06.840+0100[0m] {[34mscheduler_job_runner.py:[0m596} INFO[0m - Setting the following tasks to queued state:
	<TaskInstance: wifi_telemetry_pipeline.run_experiment manual__2026-03-06T19:36:05.289408+00:00 [scheduled]>[0m
[[34m2026-03-06T20:36:06.840+0100[0m] {[34mscheduler_job_runner.py:[0m639} INFO[0m - Sending TaskInstanceKey(dag_id='wifi_telemetry_pipeline', task_id='run_experiment', run_id='manual__2026-03-06T19:36:05.289408+00:00', try_number=1, map_index=-1) to executor with priority 4 and queue default[0m
[[34m2026-03-06T20:36:06.841+0100[0m] {[34mbase_executor.py:[0m149} INFO[0m - Adding to queue: ['airflow', 'tasks', 'run', 'wifi_telemetry_pipeline', 'run_experiment', 'manual__2026-03-06T19:36:05.289408+00:00', '--local', '--subdir', 'DAGS_FOLDER/wifi_telemetry_dag.py'][0m
[[34m2026-03-06T20:36:06.845+0100[0m] {[34msequential_executor.py:[0m74} INFO[0m - Executing command: ['airflow', 'tasks', 'run', 'wifi_telemetry_pipeline', 'run_experiment', 'manual__2026-03-06T19:36:05.289408+00:00', '--local', '--subdir', 'DAGS_FOLDER/wifi_telemetry_dag.py'][0m
[[34m2026-03-06T20:36:07.671+0100[0m] {[34mdagbag.py:[0m545} INFO[0m - Filling up the DagBag from /home/thehemraj/dt212g_project/airflow_home/dags/wifi_telemetry_dag.py[0m
[[34m2026-03-06T20:36:07.728+0100[0m] {[34mtutorial_taskflow_api_virtualenv.py:[0m29} WARNING[0m - The tutorial_taskflow_api_virtualenv example DAG requires virtualenv, please install it.[0m
[[34m2026-03-06T20:36:07.731+0100[0m] {[34mexample_python_operator.py:[0m93} WARNING[0m - The virtalenv_python example task requires virtualenv, please install it.[0m
[[34m2026-03-06T20:36:07.771+0100[0m] {[34mexample_kubernetes_executor.py:[0m39} WARNING[0m - The example_kubernetes_executor example DAG requires the kubernetes provider. Please install it with: pip install apache-airflow[cncf.kubernetes][0m
[[34m2026-03-06T20:36:07.802+0100[0m] {[34mexample_local_kubernetes_executor.py:[0m40} WARNING[0m - Could not import DAGs in example_local_kubernetes_executor.py[0m
Traceback (most recent call last):
  File "/home/thehemraj/dt212g_project/.venv/lib/python3.12/site-packages/airflow/example_dags/example_local_kubernetes_executor.py", line 38, in <module>
    from kubernetes.client import models as k8s
ModuleNotFoundError: No module named 'kubernetes'
[[34m2026-03-06T20:36:07.803+0100[0m] {[34mexample_local_kubernetes_executor.py:[0m41} WARNING[0m - Install Kubernetes dependencies with: pip install apache-airflow[cncf.kubernetes][0m
[[34m2026-03-06T20:36:07.804+0100[0m] {[34mexample_python_decorator.py:[0m80} WARNING[0m - The virtalenv_python example task requires virtualenv, please install it.[0m
[[34m2026-03-06T20:36:08.204+0100[0m] {[34mtask_command.py:[0m426} INFO[0m - Running <TaskInstance: wifi_telemetry_pipeline.run_experiment manual__2026-03-06T19:36:05.289408+00:00 [queued]> on host HemRaj[0m
[[34m2026-03-06T21:06:08.709+0100[0m] {[34mscheduler_job_runner.py:[0m689} INFO[0m - Received executor event with state success for task instance TaskInstanceKey(dag_id='wifi_telemetry_pipeline', task_id='run_experiment', run_id='manual__2026-03-06T19:36:05.289408+00:00', try_number=1, map_index=-1)[0m
[[34m2026-03-06T21:06:08.712+0100[0m] {[34mscheduler_job_runner.py:[0m721} INFO[0m - TaskInstance Finished: dag_id=wifi_telemetry_pipeline, task_id=run_experiment, run_id=manual__2026-03-06T19:36:05.289408+00:00, map_index=-1, run_start_date=2026-03-06 19:36:08.236467+00:00, run_end_date=2026-03-06 20:06:08.327491+00:00, run_duration=1800.091024, state=failed, executor_state=success, try_number=1, max_tries=0, job_id=30, pool=default_pool, queue=default, priority_weight=4, operator=PythonOperator, queued_dttm=2026-03-06 19:36:06.840374+00:00, queued_by_job_id=25, pid=26408[0m
[[34m2026-03-06T21:06:08.722+0100[0m] {[34mmanager.py:[0m285} ERROR[0m - DagFileProcessorManager (PID=24117) last sent a heartbeat 1801.91 seconds ago! Restarting it[0m
[[34m2026-03-06T21:06:08.726+0100[0m] {[34mprocess_utils.py:[0m132} INFO[0m - Sending 15 to group 24117. PIDs of all processes in the group: [24117][0m
[[34m2026-03-06T21:06:08.726+0100[0m] {[34mprocess_utils.py:[0m87} INFO[0m - Sending the signal 15 to group 24117[0m
[[34m2026-03-06T21:06:08.779+0100[0m] {[34mprocess_utils.py:[0m80} INFO[0m - Process psutil.Process(pid=24117, status='terminated', exitcode=0, started='20:18:02') (24117) terminated with exit code 0[0m
[[34m2026-03-06T21:06:08.781+0100[0m] {[34mmanager.py:[0m170} INFO[0m - Launched DagFileProcessorManager with pid: 28282[0m
[[34m2026-03-06T21:06:08.785+0100[0m] {[34msettings.py:[0m60} INFO[0m - Configured default timezone UTC[0m
[2026-03-06T21:06:08.803+0100] {manager.py:393} WARNING - Because we cannot use more than 1 thread (parsing_processes = 2) when using sqlite. So we set parallelism to 1.
[[34m2026-03-06T21:06:08.804+0100[0m] {[34mscheduler_job_runner.py:[0m1598} INFO[0m - Adopting or resetting orphaned tasks for active dag runs[0m
[[34m2026-03-06T21:06:10.117+0100[0m] {[34mscheduler_job_runner.py:[0m417} INFO[0m - 1 tasks up for execution:
	<TaskInstance: wifi_telemetry_pipeline.teardown manual__2026-03-06T19:36:05.289408+00:00 [scheduled]>[0m
[[34m2026-03-06T21:06:10.117+0100[0m] {[34mscheduler_job_runner.py:[0m480} INFO[0m - DAG wifi_telemetry_pipeline has 0/16 running and queued tasks[0m
[[34m2026-03-06T21:06:10.117+0100[0m] {[34mscheduler_job_runner.py:[0m596} INFO[0m - Setting the following tasks to queued state:
	<TaskInstance: wifi_telemetry_pipeline.teardown manual__2026-03-06T19:36:05.289408+00:00 [scheduled]>[0m
[[34m2026-03-06T21:06:10.118+0100[0m] {[34mscheduler_job_runner.py:[0m639} INFO[0m - Sending TaskInstanceKey(dag_id='wifi_telemetry_pipeline', task_id='teardown', run_id='manual__2026-03-06T19:36:05.289408+00:00', try_number=1, map_index=-1) to executor with priority 1 and queue default[0m
[[34m2026-03-06T21:06:10.118+0100[0m] {[34mbase_executor.py:[0m149} INFO[0m - Adding to queue: ['airflow', 'tasks', 'run', 'wifi_telemetry_pipeline', 'teardown', 'manual__2026-03-06T19:36:05.289408+00:00', '--local', '--subdir', 'DAGS_FOLDER/wifi_telemetry_dag.py'][0m
[[34m2026-03-06T21:06:10.122+0100[0m] {[34msequential_executor.py:[0m74} INFO[0m - Executing command: ['airflow', 'tasks', 'run', 'wifi_telemetry_pipeline', 'teardown', 'manual__2026-03-06T19:36:05.289408+00:00', '--local', '--subdir', 'DAGS_FOLDER/wifi_telemetry_dag.py'][0m
[[34m2026-03-06T21:06:10.744+0100[0m] {[34mdagbag.py:[0m545} INFO[0m - Filling up the DagBag from /home/thehemraj/dt212g_project/airflow_home/dags/wifi_telemetry_dag.py[0m
[[34m2026-03-06T21:06:10.781+0100[0m] {[34mtutorial_taskflow_api_virtualenv.py:[0m29} WARNING[0m - The tutorial_taskflow_api_virtualenv example DAG requires virtualenv, please install it.[0m
[[34m2026-03-06T21:06:10.783+0100[0m] {[34mexample_python_operator.py:[0m93} WARNING[0m - The virtalenv_python example task requires virtualenv, please install it.[0m
[[34m2026-03-06T21:06:10.809+0100[0m] {[34mexample_kubernetes_executor.py:[0m39} WARNING[0m - The example_kubernetes_executor example DAG requires the kubernetes provider. Please install it with: pip install apache-airflow[cncf.kubernetes][0m
[[34m2026-03-06T21:06:10.833+0100[0m] {[34mexample_local_kubernetes_executor.py:[0m40} WARNING[0m - Could not import DAGs in example_local_kubernetes_executor.py[0m
Traceback (most recent call last):
  File "/home/thehemraj/dt212g_project/.venv/lib/python3.12/site-packages/airflow/example_dags/example_local_kubernetes_executor.py", line 38, in <module>
    from kubernetes.client import models as k8s
ModuleNotFoundError: No module named 'kubernetes'
[[34m2026-03-06T21:06:10.833+0100[0m] {[34mexample_local_kubernetes_executor.py:[0m41} WARNING[0m - Install Kubernetes dependencies with: pip install apache-airflow[cncf.kubernetes][0m
[[34m2026-03-06T21:06:10.835+0100[0m] {[34mexample_python_decorator.py:[0m80} WARNING[0m - The virtalenv_python example task requires virtualenv, please install it.[0m
[[34m2026-03-06T21:06:11.146+0100[0m] {[34mtask_command.py:[0m426} INFO[0m - Running <TaskInstance: wifi_telemetry_pipeline.teardown manual__2026-03-06T19:36:05.289408+00:00 [queued]> on host HemRaj[0m
[[34m2026-03-06T21:06:14.183+0100[0m] {[34mscheduler_job_runner.py:[0m689} INFO[0m - Received executor event with state success for task instance TaskInstanceKey(dag_id='wifi_telemetry_pipeline', task_id='teardown', run_id='manual__2026-03-06T19:36:05.289408+00:00', try_number=1, map_index=-1)[0m
[[34m2026-03-06T21:06:14.185+0100[0m] {[34mscheduler_job_runner.py:[0m721} INFO[0m - TaskInstance Finished: dag_id=wifi_telemetry_pipeline, task_id=teardown, run_id=manual__2026-03-06T19:36:05.289408+00:00, map_index=-1, run_start_date=2026-03-06 20:06:11.175864+00:00, run_end_date=2026-03-06 20:06:13.799507+00:00, run_duration=2.623643, state=failed, executor_state=success, try_number=1, max_tries=0, job_id=31, pool=default_pool, queue=default, priority_weight=1, operator=PythonOperator, queued_dttm=2026-03-06 20:06:10.117806+00:00, queued_by_job_id=25, pid=28296[0m
[[34m2026-03-06T21:06:14.523+0100[0m] {[34mdagrun.py:[0m819} ERROR[0m - Marking run <DagRun wifi_telemetry_pipeline @ 2026-03-06 19:36:05.289408+00:00: manual__2026-03-06T19:36:05.289408+00:00, state:running, queued_at: 2026-03-06 19:36:05.301862+00:00. externally triggered: True> failed[0m
[[34m2026-03-06T21:06:14.523+0100[0m] {[34mdagrun.py:[0m901} INFO[0m - DagRun Finished: dag_id=wifi_telemetry_pipeline, execution_date=2026-03-06 19:36:05.289408+00:00, run_id=manual__2026-03-06T19:36:05.289408+00:00, run_start_date=2026-03-06 19:36:06.820546+00:00, run_end_date=2026-03-06 20:06:14.523247+00:00, run_duration=1807.702701, state=failed, external_trigger=True, run_type=manual, data_interval_start=2026-03-06 19:36:05.289408+00:00, data_interval_end=2026-03-06 19:36:05.289408+00:00, dag_hash=5d5dd6b16c132942c8f48012eda73f25[0m
[[34m2026-03-06T21:11:08.954+0100[0m] {[34mscheduler_job_runner.py:[0m1598} INFO[0m - Adopting or resetting orphaned tasks for active dag runs[0m
[[34m2026-03-06T21:16:09.000+0100[0m] {[34mscheduler_job_runner.py:[0m1598} INFO[0m - Adopting or resetting orphaned tasks for active dag runs[0m
[[34m2026-03-06T21:21:09.148+0100[0m] {[34mscheduler_job_runner.py:[0m1598} INFO[0m - Adopting or resetting orphaned tasks for active dag runs[0m
[[34m2026-03-06T21:26:09.296+0100[0m] {[34mscheduler_job_runner.py:[0m1598} INFO[0m - Adopting or resetting orphaned tasks for active dag runs[0m
[[34m2026-03-06T21:31:09.452+0100[0m] {[34mscheduler_job_runner.py:[0m1598} INFO[0m - Adopting or resetting orphaned tasks for active dag runs[0m
[[34m2026-03-06T21:36:09.593+0100[0m] {[34mscheduler_job_runner.py:[0m1598} INFO[0m - Adopting or resetting orphaned tasks for active dag runs[0m
[[34m2026-03-06T21:41:09.752+0100[0m] {[34mscheduler_job_runner.py:[0m1598} INFO[0m - Adopting or resetting orphaned tasks for active dag runs[0m
[[34m2026-03-06T21:46:10.006+0100[0m] {[34mscheduler_job_runner.py:[0m1598} INFO[0m - Adopting or resetting orphaned tasks for active dag runs[0m
[[34m2026-03-06T21:51:10.065+0100[0m] {[34mscheduler_job_runner.py:[0m1598} INFO[0m - Adopting or resetting orphaned tasks for active dag runs[0m
[[34m2026-03-06T21:56:10.229+0100[0m] {[34mscheduler_job_runner.py:[0m1598} INFO[0m - Adopting or resetting orphaned tasks for active dag runs[0m
[[34m2026-03-06T22:01:10.377+0100[0m] {[34mscheduler_job_runner.py:[0m1598} INFO[0m - Adopting or resetting orphaned tasks for active dag runs[0m
[[34m2026-03-06T22:06:10.531+0100[0m] {[34mscheduler_job_runner.py:[0m1598} INFO[0m - Adopting or resetting orphaned tasks for active dag runs[0m
[[34m2026-03-06T22:11:10.688+0100[0m] {[34mscheduler_job_runner.py:[0m1598} INFO[0m - Adopting or resetting orphaned tasks for active dag runs[0m
[[34m2026-03-06T22:16:10.837+0100[0m] {[34mscheduler_job_runner.py:[0m1598} INFO[0m - Adopting or resetting orphaned tasks for active dag runs[0m
[[34m2026-03-06T22:21:10.984+0100[0m] {[34mscheduler_job_runner.py:[0m1598} INFO[0m - Adopting or resetting orphaned tasks for active dag runs[0m
[[34m2026-03-06T22:26:11.139+0100[0m] {[34mscheduler_job_runner.py:[0m1598} INFO[0m - Adopting or resetting orphaned tasks for active dag runs[0m
[[34m2026-03-06T22:31:11.168+0100[0m] {[34mscheduler_job_runner.py:[0m1598} INFO[0m - Adopting or resetting orphaned tasks for active dag runs[0m
[[34m2026-03-06T22:34:23.191+0100[0m] {[34mscheduler_job_runner.py:[0m417} INFO[0m - 1 tasks up for execution:
	<TaskInstance: wifi_telemetry_pipeline.run_experiment manual__2026-03-06T21:34:22+00:00 [scheduled]>[0m
[[34m2026-03-06T22:34:23.191+0100[0m] {[34mscheduler_job_runner.py:[0m480} INFO[0m - DAG wifi_telemetry_pipeline has 0/16 running and queued tasks[0m
[[34m2026-03-06T22:34:23.191+0100[0m] {[34mscheduler_job_runner.py:[0m596} INFO[0m - Setting the following tasks to queued state:
	<TaskInstance: wifi_telemetry_pipeline.run_experiment manual__2026-03-06T21:34:22+00:00 [scheduled]>[0m
[[34m2026-03-06T22:34:23.192+0100[0m] {[34mscheduler_job_runner.py:[0m639} INFO[0m - Sending TaskInstanceKey(dag_id='wifi_telemetry_pipeline', task_id='run_experiment', run_id='manual__2026-03-06T21:34:22+00:00', try_number=1, map_index=-1) to executor with priority 4 and queue default[0m
[[34m2026-03-06T22:34:23.192+0100[0m] {[34mbase_executor.py:[0m149} INFO[0m - Adding to queue: ['airflow', 'tasks', 'run', 'wifi_telemetry_pipeline', 'run_experiment', 'manual__2026-03-06T21:34:22+00:00', '--local', '--subdir', 'DAGS_FOLDER/wifi_telemetry_dag.py'][0m
[[34m2026-03-06T22:34:23.196+0100[0m] {[34msequential_executor.py:[0m74} INFO[0m - Executing command: ['airflow', 'tasks', 'run', 'wifi_telemetry_pipeline', 'run_experiment', 'manual__2026-03-06T21:34:22+00:00', '--local', '--subdir', 'DAGS_FOLDER/wifi_telemetry_dag.py'][0m
[[34m2026-03-06T22:34:23.822+0100[0m] {[34mdagbag.py:[0m545} INFO[0m - Filling up the DagBag from /home/thehemraj/dt212g_project/airflow_home/dags/wifi_telemetry_dag.py[0m
[[34m2026-03-06T22:34:23.860+0100[0m] {[34mtutorial_taskflow_api_virtualenv.py:[0m29} WARNING[0m - The tutorial_taskflow_api_virtualenv example DAG requires virtualenv, please install it.[0m
[[34m2026-03-06T22:34:23.862+0100[0m] {[34mexample_python_operator.py:[0m93} WARNING[0m - The virtalenv_python example task requires virtualenv, please install it.[0m
[[34m2026-03-06T22:34:23.888+0100[0m] {[34mexample_kubernetes_executor.py:[0m39} WARNING[0m - The example_kubernetes_executor example DAG requires the kubernetes provider. Please install it with: pip install apache-airflow[cncf.kubernetes][0m
[[34m2026-03-06T22:34:23.912+0100[0m] {[34mexample_local_kubernetes_executor.py:[0m40} WARNING[0m - Could not import DAGs in example_local_kubernetes_executor.py[0m
Traceback (most recent call last):
  File "/home/thehemraj/dt212g_project/.venv/lib/python3.12/site-packages/airflow/example_dags/example_local_kubernetes_executor.py", line 38, in <module>
    from kubernetes.client import models as k8s
ModuleNotFoundError: No module named 'kubernetes'
[[34m2026-03-06T22:34:23.912+0100[0m] {[34mexample_local_kubernetes_executor.py:[0m41} WARNING[0m - Install Kubernetes dependencies with: pip install apache-airflow[cncf.kubernetes][0m
[[34m2026-03-06T22:34:23.914+0100[0m] {[34mexample_python_decorator.py:[0m80} WARNING[0m - The virtalenv_python example task requires virtualenv, please install it.[0m
[[34m2026-03-06T22:34:24.226+0100[0m] {[34mtask_command.py:[0m426} INFO[0m - Running <TaskInstance: wifi_telemetry_pipeline.run_experiment manual__2026-03-06T21:34:22+00:00 [queued]> on host HemRaj[0m
[[34m2026-03-06T22:41:08.420+0100[0m] {[34msequential_executor.py:[0m81} ERROR[0m - Failed to execute task Command '['airflow', 'tasks', 'run', 'wifi_telemetry_pipeline', 'run_experiment', 'manual__2026-03-06T21:34:22+00:00', '--local', '--subdir', 'DAGS_FOLDER/wifi_telemetry_dag.py']' returned non-zero exit status 1..[0m
[[34m2026-03-06T22:41:08.421+0100[0m] {[34mscheduler_job_runner.py:[0m689} INFO[0m - Received executor event with state failed for task instance TaskInstanceKey(dag_id='wifi_telemetry_pipeline', task_id='run_experiment', run_id='manual__2026-03-06T21:34:22+00:00', try_number=1, map_index=-1)[0m
[[34m2026-03-06T22:41:08.425+0100[0m] {[34mscheduler_job_runner.py:[0m721} INFO[0m - TaskInstance Finished: dag_id=wifi_telemetry_pipeline, task_id=run_experiment, run_id=manual__2026-03-06T21:34:22+00:00, map_index=-1, run_start_date=2026-03-06 21:40:01.548865+00:00, run_end_date=2026-03-06 21:40:02.649126+00:00, run_duration=1.100261, state=failed, executor_state=failed, try_number=1, max_tries=0, job_id=34, pool=default_pool, queue=default, priority_weight=4, operator=PythonOperator, queued_dttm=2026-03-06 21:39:59.735423+00:00, queued_by_job_id=33, pid=46342[0m
[[34m2026-03-06T22:41:08.436+0100[0m] {[34mmanager.py:[0m285} ERROR[0m - DagFileProcessorManager (PID=28282) last sent a heartbeat 405.28 seconds ago! Restarting it[0m
[[34m2026-03-06T22:41:08.442+0100[0m] {[34mprocess_utils.py:[0m132} INFO[0m - Sending 15 to group 28282. PIDs of all processes in the group: [28282][0m
[[34m2026-03-06T22:41:08.442+0100[0m] {[34mprocess_utils.py:[0m87} INFO[0m - Sending the signal 15 to group 28282[0m
[[34m2026-03-06T22:41:08.534+0100[0m] {[34mprocess_utils.py:[0m80} INFO[0m - Process psutil.Process(pid=28282, status='terminated', exitcode=0, started='21:06:08') (28282) terminated with exit code 0[0m
[[34m2026-03-06T22:41:08.540+0100[0m] {[34mmanager.py:[0m170} INFO[0m - Launched DagFileProcessorManager with pid: 46776[0m
[[34m2026-03-06T22:41:08.546+0100[0m] {[34msettings.py:[0m60} INFO[0m - Configured default timezone UTC[0m
[2026-03-06T22:41:08.566+0100] {manager.py:393} WARNING - Because we cannot use more than 1 thread (parsing_processes = 2) when using sqlite. So we set parallelism to 1.
[[34m2026-03-06T22:41:08.572+0100[0m] {[34mscheduler_job_runner.py:[0m1598} INFO[0m - Adopting or resetting orphaned tasks for active dag runs[0m
[[34m2026-03-06T22:46:08.743+0100[0m] {[34mscheduler_job_runner.py:[0m1598} INFO[0m - Adopting or resetting orphaned tasks for active dag runs[0m
[[34m2026-03-06T22:51:08.915+0100[0m] {[34mscheduler_job_runner.py:[0m1598} INFO[0m - Adopting or resetting orphaned tasks for active dag runs[0m
[[34m2026-03-06T22:56:09.098+0100[0m] {[34mscheduler_job_runner.py:[0m1598} INFO[0m - Adopting or resetting orphaned tasks for active dag runs[0m
[[34m2026-03-06T23:01:09.269+0100[0m] {[34mscheduler_job_runner.py:[0m1598} INFO[0m - Adopting or resetting orphaned tasks for active dag runs[0m
[[34m2026-03-06T23:06:09.445+0100[0m] {[34mscheduler_job_runner.py:[0m1598} INFO[0m - Adopting or resetting orphaned tasks for active dag runs[0m
[[34m2026-03-06T23:11:09.611+0100[0m] {[34mscheduler_job_runner.py:[0m1598} INFO[0m - Adopting or resetting orphaned tasks for active dag runs[0m
[[34m2026-03-06T23:16:09.805+0100[0m] {[34mscheduler_job_runner.py:[0m1598} INFO[0m - Adopting or resetting orphaned tasks for active dag runs[0m
[[34m2026-03-06T23:16:09.810+0100[0m] {[34mscheduler_job_runner.py:[0m1621} INFO[0m - Marked 1 SchedulerJob instances as failed[0m
[[34m2026-03-06T23:21:09.990+0100[0m] {[34mscheduler_job_runner.py:[0m1598} INFO[0m - Adopting or resetting orphaned tasks for active dag runs[0m
[[34m2026-03-06T23:26:10.154+0100[0m] {[34mscheduler_job_runner.py:[0m1598} INFO[0m - Adopting or resetting orphaned tasks for active dag runs[0m
[[34m2026-03-06T23:31:10.321+0100[0m] {[34mscheduler_job_runner.py:[0m1598} INFO[0m - Adopting or resetting orphaned tasks for active dag runs[0m
[[34m2026-03-06T23:36:10.616+0100[0m] {[34mscheduler_job_runner.py:[0m1598} INFO[0m - Adopting or resetting orphaned tasks for active dag runs[0m
[[34m2026-03-06T23:41:10.776+0100[0m] {[34mscheduler_job_runner.py:[0m1598} INFO[0m - Adopting or resetting orphaned tasks for active dag runs[0m
[[34m2026-03-06T23:46:10.843+0100[0m] {[34mscheduler_job_runner.py:[0m1598} INFO[0m - Adopting or resetting orphaned tasks for active dag runs[0m
[[34m2026-03-06T23:51:11.022+0100[0m] {[34mscheduler_job_runner.py:[0m1598} INFO[0m - Adopting or resetting orphaned tasks for active dag runs[0m
[[34m2026-03-06T23:56:11.189+0100[0m] {[34mscheduler_job_runner.py:[0m1598} INFO[0m - Adopting or resetting orphaned tasks for active dag runs[0m
[[34m2026-03-07T00:01:11.281+0100[0m] {[34mscheduler_job_runner.py:[0m1598} INFO[0m - Adopting or resetting orphaned tasks for active dag runs[0m
[[34m2026-03-07T00:06:11.340+0100[0m] {[34mscheduler_job_runner.py:[0m1598} INFO[0m - Adopting or resetting orphaned tasks for active dag runs[0m
[[34m2026-03-07T00:11:11.513+0100[0m] {[34mscheduler_job_runner.py:[0m1598} INFO[0m - Adopting or resetting orphaned tasks for active dag runs[0m
[[34m2026-03-07T00:16:12.108+0100[0m] {[34mscheduler_job_runner.py:[0m1598} INFO[0m - Adopting or resetting orphaned tasks for active dag runs[0m
[[34m2026-03-07T00:21:12.213+0100[0m] {[34mscheduler_job_runner.py:[0m1598} INFO[0m - Adopting or resetting orphaned tasks for active dag runs[0m
[[34m2026-03-07T00:26:12.252+0100[0m] {[34mscheduler_job_runner.py:[0m1598} INFO[0m - Adopting or resetting orphaned tasks for active dag runs[0m
[[34m2026-03-07T00:31:12.397+0100[0m] {[34mscheduler_job_runner.py:[0m1598} INFO[0m - Adopting or resetting orphaned tasks for active dag runs[0m
[[34m2026-03-07T00:36:12.545+0100[0m] {[34mscheduler_job_runner.py:[0m1598} INFO[0m - Adopting or resetting orphaned tasks for active dag runs[0m
[[34m2026-03-07T00:41:12.703+0100[0m] {[34mscheduler_job_runner.py:[0m1598} INFO[0m - Adopting or resetting orphaned tasks for active dag runs[0m
[[34m2026-03-07T00:46:12.959+0100[0m] {[34mscheduler_job_runner.py:[0m1598} INFO[0m - Adopting or resetting orphaned tasks for active dag runs[0m
[[34m2026-03-07T00:51:13.102+0100[0m] {[34mscheduler_job_runner.py:[0m1598} INFO[0m - Adopting or resetting orphaned tasks for active dag runs[0m
[[34m2026-03-07T00:56:13.251+0100[0m] {[34mscheduler_job_runner.py:[0m1598} INFO[0m - Adopting or resetting orphaned tasks for active dag runs[0m
[[34m2026-03-07T01:01:13.399+0100[0m] {[34mscheduler_job_runner.py:[0m1598} INFO[0m - Adopting or resetting orphaned tasks for active dag runs[0m
[[34m2026-03-07T01:06:13.546+0100[0m] {[34mscheduler_job_runner.py:[0m1598} INFO[0m - Adopting or resetting orphaned tasks for active dag runs[0m
[[34m2026-03-07T01:11:13.794+0100[0m] {[34mscheduler_job_runner.py:[0m1598} INFO[0m - Adopting or resetting orphaned tasks for active dag runs[0m
[[34m2026-03-07T01:16:13.845+0100[0m] {[34mscheduler_job_runner.py:[0m1598} INFO[0m - Adopting or resetting orphaned tasks for active dag runs[0m
[[34m2026-03-07T01:21:13.993+0100[0m] {[34mscheduler_job_runner.py:[0m1598} INFO[0m - Adopting or resetting orphaned tasks for active dag runs[0m
[[34m2026-03-07T01:40:35.239+0100[0m] {[34mscheduler_job_runner.py:[0m1598} INFO[0m - Adopting or resetting orphaned tasks for active dag runs[0m
[[34m2026-03-07T01:45:35.512+0100[0m] {[34mscheduler_job_runner.py:[0m1598} INFO[0m - Adopting or resetting orphaned tasks for active dag runs[0m
[[34m2026-03-07T01:50:35.682+0100[0m] {[34mscheduler_job_runner.py:[0m1598} INFO[0m - Adopting or resetting orphaned tasks for active dag runs[0m
[[34m2026-03-07T02:06:23.049+0100[0m] {[34mscheduler_job_runner.py:[0m1598} INFO[0m - Adopting or resetting orphaned tasks for active dag runs[0m
[[34m2026-03-07T02:11:23.188+0100[0m] {[34mscheduler_job_runner.py:[0m1598} INFO[0m - Adopting or resetting orphaned tasks for active dag runs[0m
[[34m2026-03-07T02:16:24.243+0100[0m] {[34mscheduler_job_runner.py:[0m1598} INFO[0m - Adopting or resetting orphaned tasks for active dag runs[0m
[[34m2026-03-07T02:21:24.387+0100[0m] {[34mscheduler_job_runner.py:[0m1598} INFO[0m - Adopting or resetting orphaned tasks for active dag runs[0m
[[34m2026-03-07T02:26:24.625+0100[0m] {[34mscheduler_job_runner.py:[0m1598} INFO[0m - Adopting or resetting orphaned tasks for active dag runs[0m
[[34m2026-03-07T02:31:24.765+0100[0m] {[34mscheduler_job_runner.py:[0m1598} INFO[0m - Adopting or resetting orphaned tasks for active dag runs[0m
[[34m2026-03-07T02:36:24.903+0100[0m] {[34mscheduler_job_runner.py:[0m1598} INFO[0m - Adopting or resetting orphaned tasks for active dag runs[0m
[[34m2026-03-07T02:41:25.045+0100[0m] {[34mscheduler_job_runner.py:[0m1598} INFO[0m - Adopting or resetting orphaned tasks for active dag runs[0m
[[34m2026-03-07T02:46:25.181+0100[0m] {[34mscheduler_job_runner.py:[0m1598} INFO[0m - Adopting or resetting orphaned tasks for active dag runs[0m
[[34m2026-03-07T02:51:25.326+0100[0m] {[34mscheduler_job_runner.py:[0m1598} INFO[0m - Adopting or resetting orphaned tasks for active dag runs[0m
[[34m2026-03-07T02:56:25.470+0100[0m] {[34mscheduler_job_runner.py:[0m1598} INFO[0m - Adopting or resetting orphaned tasks for active dag runs[0m
[[34m2026-03-07T03:01:25.612+0100[0m] {[34mscheduler_job_runner.py:[0m1598} INFO[0m - Adopting or resetting orphaned tasks for active dag runs[0m
[[34m2026-03-07T03:06:25.752+0100[0m] {[34mscheduler_job_runner.py:[0m1598} INFO[0m - Adopting or resetting orphaned tasks for active dag runs[0m
